[03-Jul-2024 18:47:34 Europe/Berlin] PHP Fatal error:  Uncaught mysqli_sql_exception: Table 'jungpal.ads' doesn't exist in C:\xampp\htdocs\JungPal_project\php\create_ad.php:37
Stack trace:
#0 C:\xampp\htdocs\JungPal_project\php\create_ad.php(37): mysqli->query('INSERT INTO ads...')
#1 {main}
  thrown in C:\xampp\htdocs\JungPal_project\php\create_ad.php on line 37
[03-Jul-2024 18:50:16 Europe/Berlin] PHP Fatal error:  Uncaught mysqli_sql_exception: Unknown column 'area' in 'field list' in C:\xampp\htdocs\JungPal_project\php\create_ad.php:37
Stack trace:
#0 C:\xampp\htdocs\JungPal_project\php\create_ad.php(37): mysqli->query('INSERT INTO ad ...')
#1 {main}
  thrown in C:\xampp\htdocs\JungPal_project\php\create_ad.php on line 37
[03-Jul-2024 18:50:25 Europe/Berlin] PHP Fatal error:  Uncaught mysqli_sql_exception: Unknown column 'area' in 'field list' in C:\xampp\htdocs\JungPal_project\php\create_ad.php:37
Stack trace:
#0 C:\xampp\htdocs\JungPal_project\php\create_ad.php(37): mysqli->query('INSERT INTO ad ...')
#1 {main}
  thrown in C:\xampp\htdocs\JungPal_project\php\create_ad.php on line 37
[03-Jul-2024 18:52:12 Europe/Berlin] PHP Fatal error:  Uncaught mysqli_sql_exception: Unknown column 'area' in 'field list' in C:\xampp\htdocs\JungPal_project\php\create_ad.php:37
Stack trace:
#0 C:\xampp\htdocs\JungPal_project\php\create_ad.php(37): mysqli->query('INSERT INTO ad ...')
#1 {main}
  thrown in C:\xampp\htdocs\JungPal_project\php\create_ad.php on line 37
[03-Jul-2024 18:52:53 Europe/Berlin] PHP Fatal error:  Uncaught mysqli_sql_exception: Unknown column 'area' in 'field list' in C:\xampp\htdocs\JungPal_project\php\create_ad.php:37
Stack trace:
#0 C:\xampp\htdocs\JungPal_project\php\create_ad.php(37): mysqli->query('INSERT INTO ad ...')
#1 {main}
  thrown in C:\xampp\htdocs\JungPal_project\php\create_ad.php on line 37
[03-Jul-2024 18:53:53 Europe/Berlin] PHP Fatal error:  Uncaught mysqli_sql_exception: Unknown column 'area' in 'field list' in C:\xampp\htdocs\JungPal_project\php\create_ad.php:37
Stack trace:
#0 C:\xampp\htdocs\JungPal_project\php\create_ad.php(37): mysqli->query('INSERT INTO ad ...')
#1 {main}
  thrown in C:\xampp\htdocs\JungPal_project\php\create_ad.php on line 37
